Form c:\sistemainsumos\forms\inforen.scx has the following errors:
    Program IMAGECLIP - Undefined

Form c:\sistemainsumos\forms\renlist.scx has the following errors:
    Form FILTRAFECHA - Undefined
    Form FILTROGRAF - Undefined

Form c:\sistemainsumos\forms\preview_.scx has the following errors:
    File TRFFC16.ICO - Undefined

Form c:\sistemainsumos\forms\imped.scx has the following errors:
    Form WHASAPP - Undefined

Visual Class Library c:\sistemainsumos\_datetime.vcx has the following errors:
    Visual Class Library _BASE - Undefined

Form c:\sistemainsumos\forms\historia2.scx has the following errors:
    Form FILTROGRAF - Undefined
    Form HISTORIA - Undefined
    Form HISTSEL2 - Undefined
    Form FILTRAFECHAHIST - Undefined

Form c:\sistemainsumos\forms\menuprinc.scx has the following errors:
    Form MCONTINUA - Undefined

Form c:\sistemainsumos\forms\transferpics.scx has the following errors:
    Form ISSUEINFO - Undefined
    Form VIEWER - Undefined

Form c:\sistemainsumos\forms\inforen2.scx has the following errors:
    Program IMAGECLIP - Undefined

Program c:\sistemainsumos\prgs\main.fxp has the following errors:
    Application FOXYPREVIEWER2 - Undefined

